<?xml version="1.0" encoding="UTF-8"?>
<!-- Generated by org.testng.reporters.JUnitReportReporter -->
<testsuite hostname="LAP137" name="webappautomation.Zomato" tests="25" failures="0" timestamp="12 Oct 2019 14:46:16 GMT" time="562.656" errors="1">
  <testcase name="GetDirections" time="56.529" classname="webappautomation.Zomato"/>
  <testcase name="SearchRestaurant" time="9.690" classname="webappautomation.Zomato"/>
  <testcase name="BookATable" time="7.089" classname="webappautomation.Zomato"/>
  <testcase name="RegisterUser" time="6.646" classname="webappautomation.Zomato"/>
  <testcase name="ViewReview" time="28.333" classname="webappautomation.Zomato"/>
  <testcase name="AddReview" time="20.919" classname="webappautomation.Zomato">
    <error type="org.openqa.selenium.ElementNotInteractableException" message="element not interactable
  (Session info: chrome=77.0.3865.120)
Build info: version: &#039;3.141.59&#039;, revision: &#039;e82be7d358&#039;, time: &#039;2018-11-14T08:25:48&#039;
System info: host: &#039;LAP137&#039;, ip: &#039;169.254.75.42&#039;, os.name: &#039;Windows 7&#039;, os.arch: &#039;amd64&#039;, os.version: &#039;6.1&#039;, java.version: &#039;1.8.0_221&#039;
Driver info: org.openqa.selenium.chrome.ChromeDriver
Capabilities {acceptInsecureCerts: false, browserName: chrome, browserVersion: 77.0.3865.120, chrome: {chromedriverVersion: 77.0.3865.40 (f484704e052e0..., userDataDir: C:\Users\ROHAN~1.BAR\AppDat...}, goog:chromeOptions: {debuggerAddress: localhost:49558}, javascriptEnabled: true, networkConnectionEnabled: false, pageLoadStrategy: normal, platform: XP, platformName: XP, proxy: Proxy(), setWindowRect: true, strictFileInteractability: false, timeouts: {implicit: 0, pageLoad: 300000, script: 30000}, unhandledPromptBehavior: dismiss and notify}
Session ID: d1eee976c72469f861d2743a920b5ddc">
      <![CDATA[org.openqa.selenium.ElementNotInteractableException: element not interactable
  (Session info: chrome=77.0.3865.120)
Build info: version: '3.141.59', revision: 'e82be7d358', time: '2018-11-14T08:25:48'
System info: host: 'LAP137', ip: '169.254.75.42', os.name: 'Windows 7', os.arch: 'amd64', os.version: '6.1', java.version: '1.8.0_221'
Driver info: org.openqa.selenium.chrome.ChromeDriver
Capabilities {acceptInsecureCerts: false, browserName: chrome, browserVersion: 77.0.3865.120, chrome: {chromedriverVersion: 77.0.3865.40 (f484704e052e0..., userDataDir: C:\Users\ROHAN~1.BAR\AppDat...}, goog:chromeOptions: {debuggerAddress: localhost:49558}, javascriptEnabled: true, networkConnectionEnabled: false, pageLoadStrategy: normal, platform: XP, platformName: XP, proxy: Proxy(), setWindowRect: true, strictFileInteractability: false, timeouts: {implicit: 0, pageLoad: 300000, script: 30000}, unhandledPromptBehavior: dismiss and notify}
Session ID: d1eee976c72469f861d2743a920b5ddc
	at sun.reflect.NativeConstructorAccessorImpl.newInstance0(Native Method)
	at sun.reflect.NativeConstructorAccessorImpl.newInstance(Unknown Source)
	at sun.reflect.DelegatingConstructorAccessorImpl.newInstance(Unknown Source)
	at java.lang.reflect.Constructor.newInstance(Unknown Source)
	at org.openqa.selenium.remote.http.W3CHttpResponseCodec.createException(W3CHttpResponseCodec.java:187)
	at org.openqa.selenium.remote.http.W3CHttpResponseCodec.decode(W3CHttpResponseCodec.java:122)
	at org.openqa.selenium.remote.http.W3CHttpResponseCodec.decode(W3CHttpResponseCodec.java:49)
	at org.openqa.selenium.remote.HttpCommandExecutor.execute(HttpCommandExecutor.java:158)
	at org.openqa.selenium.remote.service.DriverCommandExecutor.execute(DriverCommandExecutor.java:83)
	at org.openqa.selenium.remote.RemoteWebDriver.execute(RemoteWebDriver.java:552)
	at org.openqa.selenium.remote.RemoteWebElement.execute(RemoteWebElement.java:285)
	at org.openqa.selenium.remote.RemoteWebElement.sendKeys(RemoteWebElement.java:106)
	at webappautomation.Zomato.AddReview(Zomato.java:501)
	at sun.reflect.NativeMethodAccessorImpl.invoke0(Native Method)
	at sun.reflect.NativeMethodAccessorImpl.invoke(Unknown Source)
	at sun.reflect.DelegatingMethodAccessorImpl.invoke(Unknown Source)
	at java.lang.reflect.Method.invoke(Unknown Source)
	at org.testng.internal.MethodInvocationHelper.invokeMethod(MethodInvocationHelper.java:85)
	at org.testng.internal.Invoker.invokeMethod(Invoker.java:663)
	at org.testng.internal.Invoker.invokeTestMethod(Invoker.java:849)
	at org.testng.internal.Invoker.invokeTestMethods(Invoker.java:1157)
	at org.testng.internal.TestMethodWorker.invokeTestMethods(TestMethodWorker.java:124)
	at org.testng.internal.TestMethodWorker.run(TestMethodWorker.java:108)
	at org.testng.TestRunner.privateRun(TestRunner.java:771)
	at org.testng.TestRunner.run(TestRunner.java:621)
	at org.testng.SuiteRunner.runTest(SuiteRunner.java:357)
	at org.testng.SuiteRunner.runSequentially(SuiteRunner.java:352)
	at org.testng.SuiteRunner.privateRun(SuiteRunner.java:310)
	at org.testng.SuiteRunner.run(SuiteRunner.java:259)
	at org.testng.SuiteRunnerWorker.runSuite(SuiteRunnerWorker.java:52)
	at org.testng.SuiteRunnerWorker.run(SuiteRunnerWorker.java:86)
	at org.testng.TestNG.runSuitesSequentially(TestNG.java:1200)
	at org.testng.TestNG.runSuitesLocally(TestNG.java:1125)
	at org.testng.TestNG.run(TestNG.java:1033)
	at org.testng.remote.RemoteTestNG.run(RemoteTestNG.java:111)
	at org.testng.remote.RemoteTestNG.initAndRun(RemoteTestNG.java:204)
	at org.testng.remote.RemoteTestNG.main(RemoteTestNG.java:175)
]]>
    </error>
  </testcase> <!-- AddReview -->
  <testcase name="BuyZomatoGold" time="25.754" classname="webappautomation.Zomato"/>
  <testcase name="ViewMenu" time="11.958" classname="webappautomation.Zomato"/>
  <testcase name="AddToCollection" time="13.779" classname="webappautomation.Zomato"/>
  <testcase name="GetZomatoApp" time="5.109" classname="webappautomation.Zomato"/>
  <testcase name="LoginWithEmail" time="38.090" classname="webappautomation.Zomato"/>
  <testcase name="RateARestaurant" time="23.549" classname="webappautomation.Zomato"/>
  <testcase name="SearchRestaurantByTypeOfMeal" time="3.602" classname="webappautomation.Zomato"/>
  <testcase name="GetBestRestaurants" time="26.050" classname="webappautomation.Zomato"/>
  <testcase name="ViewPhotos" time="8.688" classname="webappautomation.Zomato"/>
  <testcase name="GetRestaurantInfo" time="20.504" classname="webappautomation.Zomato"/>
  <testcase name="Logout" time="26.244" classname="webappautomation.Zomato"/>
  <testcase name="editUserInformation" time="49.227" classname="webappautomation.Zomato"/>
  <testcase name="RestaurantsVisited" time="25.877" classname="webappautomation.Zomato"/>
  <testcase name="orderFood" time="37.544" classname="webappautomation.Zomato"/>
  <testcase name="ViewTrendingRestaurants" time="10.298" classname="webappautomation.Zomato"/>
  <testcase name="AboutUs" time="26.612" classname="webappautomation.Zomato"/>
  <testcase name="BookmarkRestaurant" time="50.713" classname="webappautomation.Zomato"/>
  <testcase name="OpenZomatoWebsite" time="0.036" classname="webappautomation.Zomato"/>
  <testcase name="ViewOrderHistory" time="29.816" classname="webappautomation.Zomato"/>
</testsuite> <!-- webappautomation.Zomato -->
