<?xml version="1.0" encoding="UTF-8"?>
<!-- Generated by org.testng.reporters.JUnitXMLReporter -->
<testsuite hostname="LAP137" name="Default test" tests="25" failures="1" timestamp="12 Oct 2019 14:46:15 GMT" time="577.892" errors="0">
  <testcase name="OpenZomatoWebsite" time="0.035" classname="webappautomation.Zomato"/>
  <testcase name="RegisterUser" time="6.644" classname="webappautomation.Zomato"/>
  <testcase name="LoginWithEmail" time="38.089" classname="webappautomation.Zomato"/>
  <testcase name="editUserInformation" time="49.225" classname="webappautomation.Zomato"/>
  <testcase name="SearchRestaurant" time="9.689" classname="webappautomation.Zomato"/>
  <testcase name="GetRestaurantInfo" time="20.5" classname="webappautomation.Zomato"/>
  <testcase name="ViewMenu" time="11.958" classname="webappautomation.Zomato"/>
  <testcase name="ViewReview" time="28.332" classname="webappautomation.Zomato"/>
  <testcase name="ViewPhotos" time="8.687" classname="webappautomation.Zomato"/>
  <testcase name="GetDirections" time="56.517" classname="webappautomation.Zomato"/>
  <testcase name="BookmarkRestaurant" time="50.706" classname="webappautomation.Zomato"/>
  <testcase name="RateARestaurant" time="23.548" classname="webappautomation.Zomato"/>
  <testcase name="AddReview" time="20.916" classname="webappautomation.Zomato">
    <failure type="org.openqa.selenium.ElementNotInteractableException" message="element not interactable
  (Session info: chrome=77.0.3865.120)
Build info: version: &amp;apos;3.141.59&amp;apos;, revision: &amp;apos;e82be7d358&amp;apos;, time: &amp;apos;2018-11-14T08:25:48&amp;apos;
System info: host: &amp;apos;LAP137&amp;apos;, ip: &amp;apos;169.254.75.42&amp;apos;, os.name: &amp;apos;Windows 7&amp;apos;, os.arch: &amp;apos;amd64&amp;apos;, os.version: &amp;apos;6.1&amp;apos;, java.version: &amp;apos;1.8.0_221&amp;apos;
Driver info: org.openqa.selenium.chrome.ChromeDriver
Capabilities {acceptInsecureCerts: false, browserName: chrome, browserVersion: 77.0.3865.120, chrome: {chromedriverVersion: 77.0.3865.40 (f484704e052e0..., userDataDir: C:\Users\ROHAN~1.BAR\AppDat...}, goog:chromeOptions: {debuggerAddress: localhost:49558}, javascriptEnabled: true, networkConnectionEnabled: false, pageLoadStrategy: normal, platform: XP, platformName: XP, proxy: Proxy(), setWindowRect: true, strictFileInteractability: false, timeouts: {implicit: 0, pageLoad: 300000, script: 30000}, unhandledPromptBehavior: dismiss and notify}
Session ID: d1eee976c72469f861d2743a920b5ddc">
      <![CDATA[org.openqa.selenium.ElementNotInteractableException: element not interactable
  (Session info: chrome=77.0.3865.120)
Build info: version: '3.141.59', revision: 'e82be7d358', time: '2018-11-14T08:25:48'
System info: host: 'LAP137', ip: '169.254.75.42', os.name: 'Windows 7', os.arch: 'amd64', os.version: '6.1', java.version: '1.8.0_221'
Driver info: org.openqa.selenium.chrome.ChromeDriver
Capabilities {acceptInsecureCerts: false, browserName: chrome, browserVersion: 77.0.3865.120, chrome: {chromedriverVersion: 77.0.3865.40 (f484704e052e0..., userDataDir: C:\Users\ROHAN~1.BAR\AppDat...}, goog:chromeOptions: {debuggerAddress: localhost:49558}, javascriptEnabled: true, networkConnectionEnabled: false, pageLoadStrategy: normal, platform: XP, platformName: XP, proxy: Proxy(), setWindowRect: true, strictFileInteractability: false, timeouts: {implicit: 0, pageLoad: 300000, script: 30000}, unhandledPromptBehavior: dismiss and notify}
Session ID: d1eee976c72469f861d2743a920b5ddc
	at sun.reflect.NativeConstructorAccessorImpl.newInstance0(Native Method)
	at sun.reflect.NativeConstructorAccessorImpl.newInstance(Unknown Source)
	at sun.reflect.DelegatingConstructorAccessorImpl.newInstance(Unknown Source)
	at java.lang.reflect.Constructor.newInstance(Unknown Source)
	at org.openqa.selenium.remote.http.W3CHttpResponseCodec.createException(W3CHttpResponseCodec.java:187)
	at org.openqa.selenium.remote.http.W3CHttpResponseCodec.decode(W3CHttpResponseCodec.java:122)
	at org.openqa.selenium.remote.http.W3CHttpResponseCodec.decode(W3CHttpResponseCodec.java:49)
	at org.openqa.selenium.remote.HttpCommandExecutor.execute(HttpCommandExecutor.java:158)
	at org.openqa.selenium.remote.service.DriverCommandExecutor.execute(DriverCommandExecutor.java:83)
	at org.openqa.selenium.remote.RemoteWebDriver.execute(RemoteWebDriver.java:552)
	at org.openqa.selenium.remote.RemoteWebElement.execute(RemoteWebElement.java:285)
	at org.openqa.selenium.remote.RemoteWebElement.sendKeys(RemoteWebElement.java:106)
	at webappautomation.Zomato.AddReview(Zomato.java:501)
	at sun.reflect.NativeMethodAccessorImpl.invoke0(Native Method)
	at sun.reflect.NativeMethodAccessorImpl.invoke(Unknown Source)
	at sun.reflect.DelegatingMethodAccessorImpl.invoke(Unknown Source)
	at java.lang.reflect.Method.invoke(Unknown Source)
	at org.testng.internal.MethodInvocationHelper.invokeMethod(MethodInvocationHelper.java:85)
	at org.testng.internal.Invoker.invokeMethod(Invoker.java:663)
	at org.testng.internal.Invoker.invokeTestMethod(Invoker.java:849)
	at org.testng.internal.Invoker.invokeTestMethods(Invoker.java:1157)
	at org.testng.internal.TestMethodWorker.invokeTestMethods(TestMethodWorker.java:124)
	at org.testng.internal.TestMethodWorker.run(TestMethodWorker.java:108)
	at org.testng.TestRunner.privateRun(TestRunner.java:771)
	at org.testng.TestRunner.run(TestRunner.java:621)
	at org.testng.SuiteRunner.runTest(SuiteRunner.java:357)
	at org.testng.SuiteRunner.runSequentially(SuiteRunner.java:352)
	at org.testng.SuiteRunner.privateRun(SuiteRunner.java:310)
	at org.testng.SuiteRunner.run(SuiteRunner.java:259)
	at org.testng.SuiteRunnerWorker.runSuite(SuiteRunnerWorker.java:52)
	at org.testng.SuiteRunnerWorker.run(SuiteRunnerWorker.java:86)
	at org.testng.TestNG.runSuitesSequentially(TestNG.java:1200)
	at org.testng.TestNG.runSuitesLocally(TestNG.java:1125)
	at org.testng.TestNG.run(TestNG.java:1033)
	at org.testng.remote.RemoteTestNG.run(RemoteTestNG.java:111)
	at org.testng.remote.RemoteTestNG.initAndRun(RemoteTestNG.java:204)
	at org.testng.remote.RemoteTestNG.main(RemoteTestNG.java:175)
]]>
    </failure>
  </testcase> <!-- AddReview -->
  <testcase name="RestaurantsVisited" time="25.875" classname="webappautomation.Zomato"/>
  <testcase name="AddToCollection" time="13.773" classname="webappautomation.Zomato"/>
  <testcase name="BookATable" time="7.088" classname="webappautomation.Zomato"/>
  <testcase name="orderFood" time="37.543" classname="webappautomation.Zomato"/>
  <testcase name="ViewOrderHistory" time="29.815" classname="webappautomation.Zomato"/>
  <testcase name="SearchRestaurantByTypeOfMeal" time="3.601" classname="webappautomation.Zomato"/>
  <testcase name="GetBestRestaurants" time="26.048" classname="webappautomation.Zomato"/>
  <testcase name="ViewTrendingRestaurants" time="10.298" classname="webappautomation.Zomato"/>
  <testcase name="GetZomatoApp" time="5.108" classname="webappautomation.Zomato"/>
  <testcase name="BuyZomatoGold" time="25.753" classname="webappautomation.Zomato"/>
  <testcase name="AboutUs" time="26.61" classname="webappautomation.Zomato"/>
  <testcase name="Logout" time="26.236" classname="webappautomation.Zomato"/>
</testsuite> <!-- Default test -->
