<html>
<head>
<title>TestNG:  Default test</title>
<link href="../testng.css" rel="stylesheet" type="text/css" />
<link href="../my-testng.css" rel="stylesheet" type="text/css" />

<style type="text/css">
.log { display: none;} 
.stack-trace { display: none;} 
</style>
<script type="text/javascript">
<!--
function flip(e) {
  current = e.style.display;
  if (current == 'block') {
    e.style.display = 'none';
    return 0;
  }
  else {
    e.style.display = 'block';
    return 1;
  }
}

function toggleBox(szDivId, elem, msg1, msg2)
{
  var res = -1;  if (document.getElementById) {
    res = flip(document.getElementById(szDivId));
  }
  else if (document.all) {
    // this is the way old msie versions work
    res = flip(document.all[szDivId]);
  }
  if(elem) {
    if(res == 0) elem.innerHTML = msg1; else elem.innerHTML = msg2;
  }

}

function toggleAllBoxes() {
  if (document.getElementsByTagName) {
    d = document.getElementsByTagName('div');
    for (i = 0; i < d.length; i++) {
      if (d[i].className == 'log') {
        flip(d[i]);
      }
    }
  }
}

// -->
</script>

</head>
<body>
<h2 align='center'>Default test</h2><table border='1' align="center">
<tr>
<td>Tests passed/Failed/Skipped:</td><td>24/1/0</td>
</tr><tr>
<td>Started on:</td><td>Sat Oct 12 20:06:37 IST 2019</td>
</tr>
<tr><td>Total time:</td><td>577 seconds (577892 ms)</td>
</tr><tr>
<td>Included groups:</td><td></td>
</tr><tr>
<td>Excluded groups:</td><td></td>
</tr>
</table><p/>
<small><i>(Hover the method name to see the test class name)</i></small><p/>
<table width='100%' border='1' class='invocation-failed'>
<tr><td colspan='4' align='center'><b>FAILED TESTS</b></td></tr>
<tr><td><b>Test method</b></td>
<td width="30%"><b>Exception</b></td>
<td width="10%"><b>Time (seconds)</b></td>
<td><b>Instance</b></td>
</tr>
<tr>
<td title='webappautomation.Zomato.AddReview()'><b>AddReview</b><br>Test class: webappautomation.Zomato</td>
<td><div><pre>org.openqa.selenium.ElementNotInteractableException: element not interactable
  (Session info: chrome=77.0.3865.120)
Build info: version: &apos;3.141.59&apos;, revision: &apos;e82be7d358&apos;, time: &apos;2018-11-14T08:25:48&apos;
System info: host: &apos;LAP137&apos;, ip: &apos;169.254.75.42&apos;, os.name: &apos;Windows 7&apos;, os.arch: &apos;amd64&apos;, os.version: &apos;6.1&apos;, java.version: &apos;1.8.0_221&apos;
Driver info: org.openqa.selenium.chrome.ChromeDriver
Capabilities {acceptInsecureCerts: false, browserName: chrome, browserVersion: 77.0.3865.120, chrome: {chromedriverVersion: 77.0.3865.40 (f484704e052e0..., userDataDir: C:\Users\ROHAN~1.BAR\AppDat...}, goog:chromeOptions: {debuggerAddress: localhost:49558}, javascriptEnabled: true, networkConnectionEnabled: false, pageLoadStrategy: normal, platform: XP, platformName: XP, proxy: Proxy(), setWindowRect: true, strictFileInteractability: false, timeouts: {implicit: 0, pageLoad: 300000, script: 30000}, unhandledPromptBehavior: dismiss and notify}
Session ID: d1eee976c72469f861d2743a920b5ddc
	at sun.reflect.NativeConstructorAccessorImpl.newInstance0(Native Method)
	at sun.reflect.NativeConstructorAccessorImpl.newInstance(Unknown Source)
	at sun.reflect.DelegatingConstructorAccessorImpl.newInstance(Unknown Source)
	at java.lang.reflect.Constructor.newInstance(Unknown Source)
	at org.openqa.selenium.remote.http.W3CHttpResponseCodec.createException(W3CHttpResponseCodec.java:187)
	at org.openqa.selenium.remote.http.W3CHttpResponseCodec.decode(W3CHttpResponseCodec.java:122)
	at org.openqa.selenium.remote.http.W3CHttpResponseCodec.decode(W3CHttpResponseCodec.java:49)
	at org.openqa.selenium.remote.HttpCommandExecutor.execute(HttpCommandExecutor.java:158)
	at org.openqa.selenium.remote.service.DriverCommandExecutor.execute(DriverCommandExecutor.java:83)
	at org.openqa.selenium.remote.RemoteWebDriver.execute(RemoteWebDriver.java:552)
	at org.openqa.selenium.remote.RemoteWebElement.execute(RemoteWebElement.java:285)
	at org.openqa.selenium.remote.RemoteWebElement.sendKeys(RemoteWebElement.java:106)
	at webappautomation.Zomato.AddReview(Zomato.java:501)
	at sun.reflect.NativeMethodAccessorImpl.invoke0(Native Method)
	at sun.reflect.NativeMethodAccessorImpl.invoke(Unknown Source)
	at sun.reflect.DelegatingMethodAccessorImpl.invoke(Unknown Source)
	at java.lang.reflect.Method.invoke(Unknown Source)
	at org.testng.internal.MethodInvocationHelper.invokeMethod(MethodInvocationHelper.java:85)
	at org.testng.internal.Invoker.invokeMethod(Invoker.java:663)
	at org.testng.internal.Invoker.invokeTestMethod(Invoker.java:849)
	at org.testng.internal.Invoker.invokeTestMethods(Invoker.java:1157)
	at org.testng.internal.TestMethodWorker.invokeTestMethods(TestMethodWorker.java:124)
	at org.testng.internal.TestMethodWorker.run(TestMethodWorker.java:108)
	at org.testng.TestRunner.privateRun(TestRunner.java:771)
	at org.testng.TestRunner.run(TestRunner.java:621)
	at org.testng.SuiteRunner.runTest(SuiteRunner.java:357)
	at org.testng.SuiteRunner.runSequentially(SuiteRunner.java:352)
	at org.testng.SuiteRunner.privateRun(SuiteRunner.java:310)
	at org.testng.SuiteRunner.run(SuiteRunner.java:259)
	at org.testng.SuiteRunnerWorker.runSuite(SuiteRunnerWorker.java:52)
	at org.testng.SuiteRunnerWorker.run(SuiteRunnerWorker.java:86)
	at org.testng.TestNG.runSuitesSequentially(TestNG.java:1200)
	at org.testng.TestNG.runSuitesLocally(TestNG.java:1125)
	at org.testng.TestNG.run(TestNG.java:1033)
	at org.testng.remote.RemoteTestNG.run(RemoteTestNG.java:111)
	at org.testng.remote.RemoteTestNG.initAndRun(RemoteTestNG.java:204)
	at org.testng.remote.RemoteTestNG.main(RemoteTestNG.java:175)
</pre></div><a href='#' onClick='toggleBox("stack-trace1240412896", this, "Click to show all stack frames", "Click to hide stack frames")'>Click to show all stack frames</a>
<div class='stack-trace' id='stack-trace1240412896'><pre>org.openqa.selenium.ElementNotInteractableException: element not interactable
  (Session info: chrome=77.0.3865.120)
Build info: version: &apos;3.141.59&apos;, revision: &apos;e82be7d358&apos;, time: &apos;2018-11-14T08:25:48&apos;
System info: host: &apos;LAP137&apos;, ip: &apos;169.254.75.42&apos;, os.name: &apos;Windows 7&apos;, os.arch: &apos;amd64&apos;, os.version: &apos;6.1&apos;, java.version: &apos;1.8.0_221&apos;
Driver info: org.openqa.selenium.chrome.ChromeDriver
Capabilities {acceptInsecureCerts: false, browserName: chrome, browserVersion: 77.0.3865.120, chrome: {chromedriverVersion: 77.0.3865.40 (f484704e052e0..., userDataDir: C:\Users\ROHAN~1.BAR\AppDat...}, goog:chromeOptions: {debuggerAddress: localhost:49558}, javascriptEnabled: true, networkConnectionEnabled: false, pageLoadStrategy: normal, platform: XP, platformName: XP, proxy: Proxy(), setWindowRect: true, strictFileInteractability: false, timeouts: {implicit: 0, pageLoad: 300000, script: 30000}, unhandledPromptBehavior: dismiss and notify}
Session ID: d1eee976c72469f861d2743a920b5ddc
	at sun.reflect.NativeConstructorAccessorImpl.newInstance0(Native Method)
	at sun.reflect.NativeConstructorAccessorImpl.newInstance(Unknown Source)
	at sun.reflect.DelegatingConstructorAccessorImpl.newInstance(Unknown Source)
	at java.lang.reflect.Constructor.newInstance(Unknown Source)
	at org.openqa.selenium.remote.http.W3CHttpResponseCodec.createException(W3CHttpResponseCodec.java:187)
	at org.openqa.selenium.remote.http.W3CHttpResponseCodec.decode(W3CHttpResponseCodec.java:122)
	at org.openqa.selenium.remote.http.W3CHttpResponseCodec.decode(W3CHttpResponseCodec.java:49)
	at org.openqa.selenium.remote.HttpCommandExecutor.execute(HttpCommandExecutor.java:158)
	at org.openqa.selenium.remote.service.DriverCommandExecutor.execute(DriverCommandExecutor.java:83)
	at org.openqa.selenium.remote.RemoteWebDriver.execute(RemoteWebDriver.java:552)
	at org.openqa.selenium.remote.RemoteWebElement.execute(RemoteWebElement.java:285)
	at org.openqa.selenium.remote.RemoteWebElement.sendKeys(RemoteWebElement.java:106)
	at webappautomation.Zomato.AddReview(Zomato.java:501)
	at sun.reflect.NativeMethodAccessorImpl.invoke0(Native Method)
	at sun.reflect.NativeMethodAccessorImpl.invoke(Unknown Source)
	at sun.reflect.DelegatingMethodAccessorImpl.invoke(Unknown Source)
	at java.lang.reflect.Method.invoke(Unknown Source)
	at org.testng.internal.MethodInvocationHelper.invokeMethod(MethodInvocationHelper.java:85)
	at org.testng.internal.Invoker.invokeMethod(Invoker.java:663)
	at org.testng.internal.Invoker.invokeTestMethod(Invoker.java:849)
	at org.testng.internal.Invoker.invokeTestMethods(Invoker.java:1157)
	at org.testng.internal.TestMethodWorker.invokeTestMethods(TestMethodWorker.java:124)
	at org.testng.internal.TestMethodWorker.run(TestMethodWorker.java:108)
	at org.testng.TestRunner.privateRun(TestRunner.java:771)
	at org.testng.TestRunner.run(TestRunner.java:621)
	at org.testng.SuiteRunner.runTest(SuiteRunner.java:357)
	at org.testng.SuiteRunner.runSequentially(SuiteRunner.java:352)
	at org.testng.SuiteRunner.privateRun(SuiteRunner.java:310)
	at org.testng.SuiteRunner.run(SuiteRunner.java:259)
	at org.testng.SuiteRunnerWorker.runSuite(SuiteRunnerWorker.java:52)
	at org.testng.SuiteRunnerWorker.run(SuiteRunnerWorker.java:86)
	at org.testng.TestNG.runSuitesSequentially(TestNG.java:1200)
	at org.testng.TestNG.runSuitesLocally(TestNG.java:1125)
	at org.testng.TestNG.run(TestNG.java:1033)
	at org.testng.remote.RemoteTestNG.run(RemoteTestNG.java:111)
	at org.testng.remote.RemoteTestNG.initAndRun(RemoteTestNG.java:204)
	at org.testng.remote.RemoteTestNG.main(RemoteTestNG.java:175)
</pre></div></td>
<td>20</td>
<td>webappautomation.Zomato@47f37ef1</td></tr>
</table><p>
<table width='100%' border='1' class='invocation-passed'>
<tr><td colspan='4' align='center'><b>PASSED TESTS</b></td></tr>
<tr><td><b>Test method</b></td>
<td width="30%"><b>Exception</b></td>
<td width="10%"><b>Time (seconds)</b></td>
<td><b>Instance</b></td>
</tr>
<tr>
<td title='webappautomation.Zomato.AboutUs()'><b>AboutUs</b><br>Test class: webappautomation.Zomato</td>
<td></td>
<td>26</td>
<td>webappautomation.Zomato@47f37ef1</td></tr>
<tr>
<td title='webappautomation.Zomato.AddToCollection()'><b>AddToCollection</b><br>Test class: webappautomation.Zomato</td>
<td></td>
<td>13</td>
<td>webappautomation.Zomato@47f37ef1</td></tr>
<tr>
<td title='webappautomation.Zomato.BookATable()'><b>BookATable</b><br>Test class: webappautomation.Zomato</td>
<td></td>
<td>7</td>
<td>webappautomation.Zomato@47f37ef1</td></tr>
<tr>
<td title='webappautomation.Zomato.BookmarkRestaurant()'><b>BookmarkRestaurant</b><br>Test class: webappautomation.Zomato</td>
<td></td>
<td>50</td>
<td>webappautomation.Zomato@47f37ef1</td></tr>
<tr>
<td title='webappautomation.Zomato.BuyZomatoGold()'><b>BuyZomatoGold</b><br>Test class: webappautomation.Zomato</td>
<td></td>
<td>25</td>
<td>webappautomation.Zomato@47f37ef1</td></tr>
<tr>
<td title='webappautomation.Zomato.GetBestRestaurants()'><b>GetBestRestaurants</b><br>Test class: webappautomation.Zomato</td>
<td></td>
<td>26</td>
<td>webappautomation.Zomato@47f37ef1</td></tr>
<tr>
<td title='webappautomation.Zomato.GetDirections()'><b>GetDirections</b><br>Test class: webappautomation.Zomato</td>
<td></td>
<td>56</td>
<td>webappautomation.Zomato@47f37ef1</td></tr>
<tr>
<td title='webappautomation.Zomato.GetRestaurantInfo()'><b>GetRestaurantInfo</b><br>Test class: webappautomation.Zomato</td>
<td></td>
<td>20</td>
<td>webappautomation.Zomato@47f37ef1</td></tr>
<tr>
<td title='webappautomation.Zomato.GetZomatoApp()'><b>GetZomatoApp</b><br>Test class: webappautomation.Zomato</td>
<td></td>
<td>5</td>
<td>webappautomation.Zomato@47f37ef1</td></tr>
<tr>
<td title='webappautomation.Zomato.LoginWithEmail()'><b>LoginWithEmail</b><br>Test class: webappautomation.Zomato</td>
<td></td>
<td>38</td>
<td>webappautomation.Zomato@47f37ef1</td></tr>
<tr>
<td title='webappautomation.Zomato.Logout()'><b>Logout</b><br>Test class: webappautomation.Zomato</td>
<td></td>
<td>26</td>
<td>webappautomation.Zomato@47f37ef1</td></tr>
<tr>
<td title='webappautomation.Zomato.OpenZomatoWebsite()'><b>OpenZomatoWebsite</b><br>Test class: webappautomation.Zomato</td>
<td></td>
<td>0</td>
<td>webappautomation.Zomato@47f37ef1</td></tr>
<tr>
<td title='webappautomation.Zomato.RateARestaurant()'><b>RateARestaurant</b><br>Test class: webappautomation.Zomato</td>
<td></td>
<td>23</td>
<td>webappautomation.Zomato@47f37ef1</td></tr>
<tr>
<td title='webappautomation.Zomato.RegisterUser()'><b>RegisterUser</b><br>Test class: webappautomation.Zomato</td>
<td></td>
<td>6</td>
<td>webappautomation.Zomato@47f37ef1</td></tr>
<tr>
<td title='webappautomation.Zomato.RestaurantsVisited()'><b>RestaurantsVisited</b><br>Test class: webappautomation.Zomato</td>
<td></td>
<td>25</td>
<td>webappautomation.Zomato@47f37ef1</td></tr>
<tr>
<td title='webappautomation.Zomato.SearchRestaurant()'><b>SearchRestaurant</b><br>Test class: webappautomation.Zomato</td>
<td></td>
<td>9</td>
<td>webappautomation.Zomato@47f37ef1</td></tr>
<tr>
<td title='webappautomation.Zomato.SearchRestaurantByTypeOfMeal()'><b>SearchRestaurantByTypeOfMeal</b><br>Test class: webappautomation.Zomato</td>
<td></td>
<td>3</td>
<td>webappautomation.Zomato@47f37ef1</td></tr>
<tr>
<td title='webappautomation.Zomato.ViewMenu()'><b>ViewMenu</b><br>Test class: webappautomation.Zomato</td>
<td></td>
<td>11</td>
<td>webappautomation.Zomato@47f37ef1</td></tr>
<tr>
<td title='webappautomation.Zomato.ViewOrderHistory()'><b>ViewOrderHistory</b><br>Test class: webappautomation.Zomato</td>
<td></td>
<td>29</td>
<td>webappautomation.Zomato@47f37ef1</td></tr>
<tr>
<td title='webappautomation.Zomato.ViewPhotos()'><b>ViewPhotos</b><br>Test class: webappautomation.Zomato</td>
<td></td>
<td>8</td>
<td>webappautomation.Zomato@47f37ef1</td></tr>
<tr>
<td title='webappautomation.Zomato.ViewReview()'><b>ViewReview</b><br>Test class: webappautomation.Zomato</td>
<td></td>
<td>28</td>
<td>webappautomation.Zomato@47f37ef1</td></tr>
<tr>
<td title='webappautomation.Zomato.ViewTrendingRestaurants()'><b>ViewTrendingRestaurants</b><br>Test class: webappautomation.Zomato</td>
<td></td>
<td>10</td>
<td>webappautomation.Zomato@47f37ef1</td></tr>
<tr>
<td title='webappautomation.Zomato.editUserInformation()'><b>editUserInformation</b><br>Test class: webappautomation.Zomato</td>
<td></td>
<td>49</td>
<td>webappautomation.Zomato@47f37ef1</td></tr>
<tr>
<td title='webappautomation.Zomato.orderFood()'><b>orderFood</b><br>Test class: webappautomation.Zomato</td>
<td></td>
<td>37</td>
<td>webappautomation.Zomato@47f37ef1</td></tr>
</table><p>
</body>
</html>